0 info it worked if it ends with ok
1 verbose cli [ '/usr/local/bin/node',
1 verbose cli   '/usr/local/bin/npm',
1 verbose cli   'install',
1 verbose cli   'angular-ui-bootstrap#1.2.*' ]
2 info using npm@3.8.3
3 info using node@v5.10.1
4 silly loadCurrentTree Starting
5 silly install loadCurrentTree
6 silly install readLocalPackageData
7 silly fetchPackageMetaData angular-ui-bootstrap#1.2.*
8 silly fetchOtherPackageData angular-ui-bootstrap#1.2.*
9 silly cache add args [ 'angular-ui-bootstrap#1.2.*', null ]
10 verbose cache add spec angular-ui-bootstrap#1.2.*
11 silly cache add parsed spec Result {
11 silly cache add   raw: 'angular-ui-bootstrap#1.2.*',
11 silly cache add   scope: null,
11 silly cache add   name: null,
11 silly cache add   rawSpec: 'angular-ui-bootstrap#1.2.*',
11 silly cache add   spec: '/home/archegalla/WebstormProjects/fitness/angular-ui-bootstrap#1.2.*',
11 silly cache add   type: 'local' }
12 error addLocal Could not install /home/archegalla/WebstormProjects/fitness/angular-ui-bootstrap#1.2.*
13 silly fetchPackageMetaData Error: ENOENT: no such file or directory, open '/home/archegalla/WebstormProjects/fitness/angular-ui-bootstrap#1.2.*'
13 silly fetchPackageMetaData     at Error (native)
13 silly fetchPackageMetaData  error for angular-ui-bootstrap#1.2.* { [Error: ENOENT: no such file or directory, open '/home/archegalla/WebstormProjects/fitness/angular-ui-bootstrap#1.2.*']
13 silly fetchPackageMetaData   errno: -2,
13 silly fetchPackageMetaData   code: 'ENOENT',
13 silly fetchPackageMetaData   syscall: 'open',
13 silly fetchPackageMetaData   path: '/home/archegalla/WebstormProjects/fitness/angular-ui-bootstrap#1.2.*' }
14 silly rollbackFailedOptional Starting
15 silly rollbackFailedOptional Finishing
16 silly runTopLevelLifecycles Starting
17 silly runTopLevelLifecycles Finishing
18 silly install printInstalled
19 verbose stack Error: ENOENT: no such file or directory, open '/home/archegalla/WebstormProjects/fitness/angular-ui-bootstrap#1.2.*'
19 verbose stack     at Error (native)
20 verbose cwd /home/archegalla/WebstormProjects/fitness
21 error Linux 3.16.0-69-generic
22 error argv "/usr/local/bin/node" "/usr/local/bin/npm" "install" "angular-ui-bootstrap#1.2.*"
23 error node v5.10.1
24 error npm  v3.8.3
25 error path /home/archegalla/WebstormProjects/fitness/angular-ui-bootstrap#1.2.*
26 error code ENOENT
27 error errno -2
28 error syscall open
29 error enoent ENOENT: no such file or directory, open '/home/archegalla/WebstormProjects/fitness/angular-ui-bootstrap#1.2.*'
30 error enoent ENOENT: no such file or directory, open '/home/archegalla/WebstormProjects/fitness/angular-ui-bootstrap#1.2.*'
30 error enoent This is most likely not a problem with npm itself
30 error enoent and is related to npm not being able to find a file.
31 verbose exit [ -2, true ]
